<?xml version="1.0" encoding="UTF-8"?>
<!-- Generated by org.testng.reporters.JUnitReportReporter -->
<testsuite skipped="0" hostname="DESKTOP-T9IN324" name="com.quickmove.qa.testcases.LoginpageTest" tests="3" failures="0" timestamp="2020-05-10T16:48:17 IST" time="41.999" errors="0">
  <testcase name="loginpagetitletest" time="8.827" classname="com.quickmove.qa.testcases.LoginpageTest"/>
  <system-out/>
  <testcase name="CRMimageTest" time="9.230" classname="com.quickmove.qa.testcases.LoginpageTest"/>
  <system-out/>
  <testcase name="LoginTest" time="23.942" classname="com.quickmove.qa.testcases.LoginpageTest"/>
  <system-out/>
</testsuite> <!-- com.quickmove.qa.testcases.LoginpageTest -->
