<?xml version="1.0" encoding="UTF-8"?>
<!-- Generated by org.testng.reporters.JUnitReportReporter -->
<testsuite skipped="0" hostname="Ashmika" name="com.online.flipkart.TestLogin" tests="1" failures="0" timestamp="2020-03-27T13:28:06 IST" time="29.847" errors="0">
  <testcase name="test" time="29.847" classname="com.online.flipkart.TestLogin"/>
</testsuite> <!-- com.online.flipkart.TestLogin -->
