<?xml version="1.0" encoding="UTF-8"?>
<!-- Generated by org.testng.reporters.JUnitReportReporter -->
<testsuite skipped="0" hostname="Ashmika" name="com.online.flipkart.TestSignUp" tests="1" failures="0" timestamp="2020-03-27T12:09:09 IST" time="46.684" errors="0">
  <testcase name="testSign" time="46.684" classname="com.online.flipkart.TestSignUp"/>
</testsuite> <!-- com.online.flipkart.TestSignUp -->
